<?xml version="1.0" encoding="UTF-8"?>
<!-- Generated by org.testng.reporters.JUnitXMLReporter -->
<testsuite ignored="0" hostname="DESKTOP-UE7S7AN" failures="0" tests="1" name="Test" time="26.433" errors="0" timestamp="2023-12-26T11:11:58 IST">
  <testcase classname="utility.Baseclass" name="@AfterMethod takesScreenSHotPath" time="-1.703569318095E9">
    <failure type="org.testng.TestNGException" message="
Can inject only one of &amp;lt;ITestContext, XmlTest, Method, Object[], ITestResult&amp;gt; into a @AfterMethod annotated takesScreenSHotPath.
For more information on native dependency injection please refer to https://testng.org/doc/documentation-main.html#native-dependency-injection">
      <![CDATA[org.testng.TestNGException: 
Can inject only one of <ITestContext, XmlTest, Method, Object[], ITestResult> into a @AfterMethod annotated takesScreenSHotPath.
For more information on native dependency injection please refer to https://testng.org/doc/documentation-main.html#native-dependency-injection
at java.base/java.util.ArrayList.forEach(ArrayList.java:1511)
... Removed 29 stack frames]]>
    </failure>
  </testcase> <!-- @AfterMethod takesScreenSHotPath -->
  <testcase classname="test.Sign_In_Page" name="sign_in" time="13.41"/>
</testsuite> <!-- Test -->
